# JRE version: OpenJDK Runtime Environment Corretto-19.0.2.7.1 (19.0.2+7) (build 19.0.2+7-FR)
# Java VM: OpenJDK 64-Bit Server VM Corretto-19.0.2.7.1 (19.0.2+7-FR, mixed mode, emulated-client, sharing, tiered, compressed oops, compressed class ptrs, g1 gc, windows-amd64)
GC Precious Log:
 CardTable entry size: 512
 Card Set container configuration: InlinePtr #cards 4 size 8 Array Of Cards #cards 16 size 48 Howl #buckets 8 coarsen threshold 3686 Howl Bitmap #cards 512 size 80 coarsen threshold 460 Card regions per heap region 1 cards per card region 4096
 CPUs: 12 total, 12 available
 Memory: 15681M
 Large Page Support: Disabled
 NUMA Support: Disabled
 Compressed Oops: Enabled (Zero based)
 Heap Region Size: 2M
 Heap Min Capacity: 8M
 Heap Initial Capacity: 246M
 Heap Max Capacity: 3922M
 Pre-touch: Disabled
 Parallel Workers: 10
 Concurrent Workers: 3
 Concurrent Refinement Workers: 10
 Periodic GC: Disabled
Heap:
 garbage-first heap   total 733184K, used 455678K [0x000000070ae00000, 0x0000000800000000)
  region size 2048K, 11 young (22528K), 11 survivors (22528K)
 Metaspace       used 73578K, committed 74560K, reserved 1114112K
  class space    used 9645K, committed 9984K, reserved 1048576K
GC Heap History (20 events):
Event: 30.380 GC heap after
{Heap after GC invocations=32 (full 0):
 garbage-first heap   total 307200K, used 92071K [0x000000070ae00000, 0x0000000800000000)
  region size 2048K, 9 young (18432K), 9 survivors (18432K)
 Metaspace       used 72994K, committed 73664K, reserved 1114112K
  class space    used 9481K, committed 9792K, reserved 1048576K
}
Event: 11399.830 GC heap before
{Heap before GC invocations=32 (full 0):
 garbage-first heap   total 307200K, used 202663K [0x000000070ae00000, 0x0000000800000000)
  region size 2048K, 64 young (131072K), 9 survivors (18432K)
 Metaspace       used 73931K, committed 74560K, reserved 1114112K
  class space    used 9730K, committed 9984K, reserved 1048576K
}
Event: 11399.876 GC heap after
{Heap after GC invocations=33 (full 0):
 garbage-first heap   total 307200K, used 116668K [0x000000070ae00000, 0x0000000800000000)
  region size 2048K, 8 young (16384K), 8 survivors (16384K)
 Metaspace       used 73931K, committed 74560K, reserved 1114112K
  class space    used 9730K, committed 9984K, reserved 1048576K
}
Event: 11400.100 GC heap before
{Heap before GC invocations=33 (full 0):
 garbage-first heap   total 307200K, used 214972K [0x000000070ae00000, 0x0000000800000000)
  region size 2048K, 56 young (114688K), 8 survivors (16384K)
 Metaspace       used 73937K, committed 74560K, reserved 1114112K
  class space    used 9732K, committed 9984K, reserved 1048576K
}
Event: 11400.124 GC heap after
{Heap after GC invocations=34 (full 0):
 garbage-first heap   total 307200K, used 144617K [0x000000070ae00000, 0x0000000800000000)
  region size 2048K, 7 young (14336K), 7 survivors (14336K)
 Metaspace       used 73937K, committed 74560K, reserved 1114112K
  class space    used 9732K, committed 9984K, reserved 1048576K
}
Event: 11400.384 GC heap before
{Heap before GC invocations=34 (full 0):
 garbage-first heap   total 307200K, used 222441K [0x000000070ae00000, 0x0000000800000000)
  region size 2048K, 45 young (92160K), 7 survivors (14336K)
 Metaspace       used 73938K, committed 74560K, reserved 1114112K
  class space    used 9732K, committed 9984K, reserved 1048576K
}
Event: 11400.412 GC heap after
{Heap after GC invocations=35 (full 0):
 garbage-first heap   total 307200K, used 172032K [0x000000070ae00000, 0x0000000800000000)
  region size 2048K, 6 young (12288K), 6 survivors (12288K)
 Metaspace       used 73938K, committed 74560K, reserved 1114112K
  class space    used 9732K, committed 9984K, reserved 1048576K
}
Event: 11400.576 GC heap before
{Heap before GC invocations=35 (full 0):
 garbage-first heap   total 307200K, used 231424K [0x000000070ae00000, 0x0000000800000000)
  region size 2048K, 36 young (73728K), 6 survivors (12288K)
 Metaspace       used 73943K, committed 74560K, reserved 1114112K
  class space    used 9734K, committed 9984K, reserved 1048576K
}
Event: 11400.597 GC heap after
{Heap after GC invocations=36 (full 0):
 garbage-first heap   total 307200K, used 193584K [0x000000070ae00000, 0x0000000800000000)
  region size 2048K, 5 young (10240K), 5 survivors (10240K)
 Metaspace       used 73943K, committed 74560K, reserved 1114112K
  class space    used 9734K, committed 9984K, reserved 1048576K
}
Event: 11401.189 GC heap before
{Heap before GC invocations=36 (full 0):
 garbage-first heap   total 366592K, used 234544K [0x000000070ae00000, 0x0000000800000000)
  region size 2048K, 28 young (57344K), 5 survivors (10240K)
 Metaspace       used 73569K, committed 74560K, reserved 1114112K
  class space    used 9643K, committed 9984K, reserved 1048576K
}
Event: 11401.211 GC heap after
{Heap after GC invocations=37 (full 0):
 garbage-first heap   total 733184K, used 206623K [0x000000070ae00000, 0x0000000800000000)
  region size 2048K, 4 young (8192K), 4 survivors (8192K)
 Metaspace       used 73569K, committed 74560K, reserved 1114112K
  class space    used 9643K, committed 9984K, reserved 1048576K
}
Event: 11401.742 GC heap before
{Heap before GC invocations=38 (full 0):
 garbage-first heap   total 733184K, used 470815K [0x000000070ae00000, 0x0000000800000000)
  region size 2048K, 133 young (272384K), 4 survivors (8192K)
 Metaspace       used 73576K, committed 74560K, reserved 1114112K
  class space    used 9644K, committed 9984K, reserved 1048576K
}
Event: 11401.798 GC heap after
{Heap after GC invocations=39 (full 0):
 garbage-first heap   total 733184K, used 285761K [0x000000070ae00000, 0x0000000800000000)
  region size 2048K, 17 young (34816K), 17 survivors (34816K)
 Metaspace       used 73576K, committed 74560K, reserved 1114112K
  class space    used 9644K, committed 9984K, reserved 1048576K
}
Event: 11401.802 GC heap before
{Heap before GC invocations=39 (full 0):
 garbage-first heap   total 733184K, used 287809K [0x000000070ae00000, 0x0000000800000000)
  region size 2048K, 18 young (36864K), 17 survivors (34816K)
 Metaspace       used 73576K, committed 74560K, reserved 1114112K
  class space    used 9644K, committed 9984K, reserved 1048576K
}
Event: 11401.819 GC heap after
{Heap after GC invocations=40 (full 0):
 garbage-first heap   total 733184K, used 283416K [0x000000070ae00000, 0x0000000800000000)
  region size 2048K, 3 young (6144K), 3 survivors (6144K)
 Metaspace       used 73576K, committed 74560K, reserved 1114112K
  class space    used 9644K, committed 9984K, reserved 1048576K
}
Event: 11402.008 GC heap before
{Heap before GC invocations=40 (full 0):
 garbage-first heap   total 733184K, used 480024K [0x000000070ae00000, 0x0000000800000000)
  region size 2048K, 99 young (202752K), 3 survivors (6144K)
 Metaspace       used 73578K, committed 74560K, reserved 1114112K
  class space    used 9645K, committed 9984K, reserved 1048576K
}
Event: 11402.042 GC heap after
{Heap after GC invocations=41 (full 0):
 garbage-first heap   total 733184K, used 344802K [0x000000070ae00000, 0x0000000800000000)
  region size 2048K, 13 young (26624K), 13 survivors (26624K)
 Metaspace       used 73578K, committed 74560K, reserved 1114112K
  class space    used 9645K, committed 9984K, reserved 1048576K
}
Event: 11402.199 GC heap before
{Heap before GC invocations=41 (full 0):
 garbage-first heap   total 733184K, used 516834K [0x000000070ae00000, 0x0000000800000000)
  region size 2048K, 96 young (196608K), 13 survivors (26624K)
 Metaspace       used 73578K, committed 74560K, reserved 1114112K
  class space    used 9645K, committed 9984K, reserved 1048576K
}
Event: 11402.240 GC heap after
{Heap after GC invocations=42 (full 0):
 garbage-first heap   total 733184K, used 404931K [0x000000070ae00000, 0x0000000800000000)
  region size 2048K, 12 young (24576K), 12 survivors (24576K)
 Metaspace       used 73578K, committed 74560K, reserved 1114112K
  class space    used 9645K, committed 9984K, reserved 1048576K
}
Event: 11402.358 GC heap before
{Heap before GC invocations=42 (full 0):
 garbage-first heap   total 733184K, used 548291K [0x000000070ae00000, 0x0000000800000000)
  region size 2048K, 82 young (167936K), 12 survivors (24576K)
 Metaspace       used 73578K, committed 74560K, reserved 1114112K
  class space    used 9645K, committed 9984K, reserved 1048576K
}

